C:\USERS\CALVIN\DOCUMENTS\VISUAL STUDIO 2012\PROJECTS\OPENCLPROJECT1\OPENCLPROJECT1\DEBUG\TEST.OBJ
C:\USERS\CALVIN\DOCUMENTS\VISUAL STUDIO 2012\PROJECTS\OPENCLPROJECT1\OPENCLPROJECT1\DEBUG\VC110.PDB
C:\USERS\CALVIN\DOCUMENTS\VISUAL STUDIO 2012\PROJECTS\OPENCLPROJECT1\DEBUG\OPENCLPROJECT1.EXE
C:\USERS\CALVIN\DOCUMENTS\VISUAL STUDIO 2012\PROJECTS\OPENCLPROJECT1\DEBUG\OPENCLPROJECT1.PDB
瑞獥⹴汣਍㩣啜敳獲捜污楶屮潤畣敭瑮屳楶畳污猠畴楤⁯〲㈱停潲敪瑣屳灏湥䱃牐橯捥ㅴ作数䍮偌潲敪瑣就整瑳漮瑵਍瑞獥⹴汣਍㩣啜敳獲捜污楶屮潤畣敭瑮屳楶畳污猠畴楤⁯〲㈱停潲敪瑣屳灏湥䱃牐橯捥ㅴ作数䍮偌潲敪瑣就整瑳漮瑵਍瑞獥⹴汣਍㩣啜敳獲捜污楶屮潤畣敭瑮屳楶畳污猠畴楤⁯〲㈱停潲敪瑣屳灏湥䱃牐橯捥ㅴ作数䍮偌潲敪瑣就整瑳漮瑵਍
c:\Users\calvin\documents\visual studio 2012\Projects\OpenCLProject1\OpenCLProject1\Debug\test.obj
c:\Users\calvin\documents\visual studio 2012\Projects\OpenCLProject1\OpenCLProject1\Debug\cl.command.1.tlog
c:\Users\calvin\documents\visual studio 2012\Projects\OpenCLProject1\OpenCLProject1\Debug\CL.read.1.tlog
c:\Users\calvin\documents\visual studio 2012\Projects\OpenCLProject1\OpenCLProject1\Debug\CL.write.1.tlog
c:\Users\calvin\documents\visual studio 2012\Projects\OpenCLProject1\OpenCLProject1\Debug\link-cvtres.read.1.tlog
c:\Users\calvin\documents\visual studio 2012\Projects\OpenCLProject1\OpenCLProject1\Debug\link-cvtres.write.1.tlog
c:\Users\calvin\documents\visual studio 2012\Projects\OpenCLProject1\OpenCLProject1\Debug\link-rc.read.1.tlog
c:\Users\calvin\documents\visual studio 2012\Projects\OpenCLProject1\OpenCLProject1\Debug\link-rc.write.1.tlog
c:\Users\calvin\documents\visual studio 2012\Projects\OpenCLProject1\OpenCLProject1\Debug\link.command.1.tlog
c:\Users\calvin\documents\visual studio 2012\Projects\OpenCLProject1\OpenCLProject1\Debug\link.read.1.tlog
c:\Users\calvin\documents\visual studio 2012\Projects\OpenCLProject1\OpenCLProject1\Debug\link.write.1.tlog
c:\Users\calvin\documents\visual studio 2012\Projects\OpenCLProject1\OpenCLProject1\Debug\OpenCLProject1.write.1.tlog
c:\Users\calvin\documents\visual studio 2012\Projects\OpenCLProject1\OpenCLProject1\Debug\vc110.idb
c:\Users\calvin\documents\visual studio 2012\Projects\OpenCLProject1\OpenCLProject1\Debug\vc110.pdb
c:\users\calvin\documents\visual studio 2012\Projects\OpenCLProject1\Debug\OpenCLProject1.pdb
c:\users\calvin\documents\visual studio 2012\Projects\OpenCLProject1\Debug\OpenCLProject1.exe
